This is pdfTeX, Version 3.141592653-2.6-1.40.22 (TeX Live 2022/dev/Debian) (preloaded format=pdflatex 2024.2.27)  5 MAR 2024 14:12
entering extended mode
 restricted \write18 enabled.
 %&-line parsing enabled.
**lec1.tex
(./lec1.tex
LaTeX2e <2021-11-15> patch level 1
L3 programming layer <2022-01-21>
! Undefined control sequence.
l.1 \section
            *{–õ–µ–∫—Ü–∏—è ‚Ññ1: –ò—Å—Ç–æ—Ä–∏—è –≤—ã—á–∏—Å–ª–∏—Ç–µ–ª—å–Ω–æ–π...
The control sequence at the end of the top line
of your error message was never \def'ed. If you have
misspelled it (e.g., `\hobx'), type `I' and the correct
spelling (e.g., `I\hbox'). Otherwise just continue,
and I'll forget about whatever was undefined.


! LaTeX Error: Missing \begin{document}.

See the LaTeX manual or LaTeX Companion for explanation.
Type  H <return>  for immediate help.
 ...                                              
                                                  
l.1 \section*
             {–õ–µ–∫—Ü–∏—è ‚Ññ1: –ò—Å—Ç–æ—Ä–∏—è –≤—ã—á–∏—Å–ª–∏—Ç–µ–ª—å–Ω–æ–π...

You're in trouble here.  Try typing  <return>  to proceed.
If that doesn't work, type  X <return>  to quit.

Missing character: There is no * in font nullfont!

! LaTeX Error: Unicode character –õ (U+041B)
               not set up for use with LaTeX.

See the LaTeX manual or LaTeX Companion for explanation.
Type  H <return>  for immediate help.
 ...                                              
                                                  
l.1 \section*{–õ
                –µ–∫—Ü–∏—è ‚Ññ1: –ò—Å—Ç–æ—Ä–∏—è –≤—ã—á–∏—Å–ª–∏—Ç–µ–ª—å–Ω–æ–π...

You may provide a definition with
\DeclareUnicodeCharacter 


! LaTeX Error: Unicode character –µ (U+0435)
               not set up for use with LaTeX.

See the LaTeX manual or LaTeX Companion for explanation.
Type  H <return>  for immediate help.
 ...                                              
                                                  
l.1 \section*{–õ–µ
                  –∫—Ü–∏—è ‚Ññ1: –ò—Å—Ç–æ—Ä–∏—è –≤—ã—á–∏—Å–ª–∏—Ç–µ–ª—å–Ω–æ–π...

You may provide a definition with
\DeclareUnicodeCharacter 


! LaTeX Error: Unicode character –∫ (U+043A)
               not set up for use with LaTeX.

See the LaTeX manual or LaTeX Companion for explanation.
Type  H <return>  for immediate help.
 ...                                              
                                                  
l.1 \section*{–õ–µ–∫
                    —Ü–∏—è ‚Ññ1: –ò—Å—Ç–æ—Ä–∏—è –≤—ã—á–∏—Å–ª–∏—Ç–µ–ª—å–Ω–æ–π...

You may provide a definition with
\DeclareUnicodeCharacter 


! LaTeX Error: Unicode character —Ü (U+0446)
               not set up for use with LaTeX.

See the LaTeX manual or LaTeX Companion for explanation.
Type  H <return>  for immediate help.
 ...                                              
                                                  
l.1 \section*{–õ–µ–∫—Ü
                      –∏—è ‚Ññ1: –ò—Å—Ç–æ—Ä–∏—è –≤—ã—á–∏—Å–ª–∏—Ç–µ–ª—å–Ω–æ–π...

You may provide a definition with
\DeclareUnicodeCharacter 


! LaTeX Error: Unicode character –∏ (U+0438)
               not set up for use with LaTeX.

See the LaTeX manual or LaTeX Companion for explanation.
Type  H <return>  for immediate help.
 ...                                              
                                                  
l.1 \section*{–õ–µ–∫—Ü–∏
                        —è ‚Ññ1: –ò—Å—Ç–æ—Ä–∏—è –≤—ã—á–∏—Å–ª–∏—Ç–µ–ª—å–Ω–æ–π...

You may provide a definition with
\DeclareUnicodeCharacter 


! LaTeX Error: Unicode character —è (U+044F)
               not set up for use with LaTeX.

See the LaTeX manual or LaTeX Companion for explanation.
Type  H <return>  for immediate help.
 ...                                              
                                                  
l.1 \section*{–õ–µ–∫—Ü–∏—è
                           ‚Ññ1: –ò—Å—Ç–æ—Ä–∏—è –≤—ã—á–∏—Å–ª–∏—Ç–µ–ª—å–Ω–æ–π...

You may provide a definition with
\DeclareUnicodeCharacter 

Missing character: There is no 1 in font nullfont!
Missing character: There is no : in font nullfont!

! LaTeX Error: Unicode character –ò (U+0418)
               not set up for use with LaTeX.

See the LaTeX manual or LaTeX Companion for explanation.
Type  H <return>  for immediate help.
 ...                                              
                                                  
l.1 \section*{–õ–µ–∫—Ü–∏—è ‚Ññ1: –ò
                                   —Å—Ç–æ—Ä–∏—è –≤—ã—á–∏—Å–ª–∏—Ç–µ–ª—å–Ω–æ–π...

You may provide a definition with
\DeclareUnicodeCharacter 


! LaTeX Error: Unicode character —Å (U+0441)
               not set up for use with LaTeX.

See the LaTeX manual or LaTeX Companion for explanation.
Type  H <return>  for immediate help.
 ...                                              
                                                  
l.1 \section*{–õ–µ–∫—Ü–∏—è ‚Ññ1: –ò—Å
                                     —Ç–æ—Ä–∏—è –≤—ã—á–∏—Å–ª–∏—Ç–µ–ª—å–Ω–æ–π...

You may provide a definition with
\DeclareUnicodeCharacter 


! LaTeX Error: Unicode character —Ç (U+0442)
               not set up for use with LaTeX.

See the LaTeX manual or LaTeX Companion for explanation.
Type  H <return>  for immediate help.
 ...                                              
                                                  
l.1 \section*{–õ–µ–∫—Ü–∏—è ‚Ññ1: –ò—Å—Ç
                                       –æ—Ä–∏—è –≤—ã—á–∏—Å–ª–∏—Ç–µ–ª—å–Ω–æ–π...

You may provide a definition with
\DeclareUnicodeCharacter 


! LaTeX Error: Unicode character –æ (U+043E)
               not set up for use with LaTeX.

See the LaTeX manual or LaTeX Companion for explanation.
Type  H <return>  for immediate help.
 ...                                              
                                                  
l.1 \section*{–õ–µ–∫—Ü–∏—è ‚Ññ1: –ò—Å—Ç–æ
                                         —Ä–∏—è –≤—ã—á–∏—Å–ª–∏—Ç–µ–ª—å–Ω–æ–π...

You may provide a definition with
\DeclareUnicodeCharacter 


! LaTeX Error: Unicode character —Ä (U+0440)
               not set up for use with LaTeX.

See the LaTeX manual or LaTeX Companion for explanation.
Type  H <return>  for immediate help.
 ...                                              
                                                  
l.1 \section*{–õ–µ–∫—Ü–∏—è ‚Ññ1: –ò—Å—Ç–æ—Ä
                                           –∏—è –≤—ã—á–∏—Å–ª–∏—Ç–µ–ª—å–Ω–æ–π...

You may provide a definition with
\DeclareUnicodeCharacter 


! LaTeX Error: Unicode character –∏ (U+0438)
               not set up for use with LaTeX.

See the LaTeX manual or LaTeX Companion for explanation.
Type  H <return>  for immediate help.
 ...                                              
                                                  
l.1 \section*{–õ–µ–∫—Ü–∏—è ‚Ññ1: –ò—Å—Ç–æ—Ä–∏
                                             —è –≤—ã—á–∏—Å–ª–∏—Ç–µ–ª—å–Ω–æ–π...

You may provide a definition with
\DeclareUnicodeCharacter 


! LaTeX Error: Unicode character —è (U+044F)
               not set up for use with LaTeX.

See the LaTeX manual or LaTeX Companion for explanation.
Type  H <return>  for immediate help.
 ...                                              
                                                  
l.1 \section*{–õ–µ–∫—Ü–∏—è ‚Ññ1: –ò—Å—Ç–æ—Ä–∏—è
                                                –≤—ã—á–∏—Å–ª–∏—Ç–µ–ª—å–Ω–æ–π...

You may provide a definition with
\DeclareUnicodeCharacter 


! LaTeX Error: Unicode character –≤ (U+0432)
               not set up for use with LaTeX.

See the LaTeX manual or LaTeX Companion for explanation.
Type  H <return>  for immediate help.
 ...                                              
                                                  
l.1 \section*{–õ–µ–∫—Ü–∏—è ‚Ññ1: –ò—Å—Ç–æ—Ä–∏—è –≤
                                                  —ã—á–∏—Å–ª–∏—Ç–µ–ª—å–Ω–æ–π...

You may provide a definition with
\DeclareUnicodeCharacter 


! LaTeX Error: Unicode character —ã (U+044B)
               not set up for use with LaTeX.

See the LaTeX manual or LaTeX Companion for explanation.
Type  H <return>  for immediate help.
 ...                                              
                                                  
l.1 ...ion*{–õ–µ–∫—Ü–∏—è ‚Ññ1: –ò—Å—Ç–æ—Ä–∏—è –≤—ã
                                                  —á–∏—Å–ª–∏—Ç–µ–ª—å–Ω–æ–π –...

You may provide a definition with
\DeclareUnicodeCharacter 


! LaTeX Error: Unicode character —á (U+0447)
               not set up for use with LaTeX.

See the LaTeX manual or LaTeX Companion for explanation.
Type  H <return>  for immediate help.
 ...                                              
                                                  
l.1 ...n*{–õ–µ–∫—Ü–∏—è ‚Ññ1: –ò—Å—Ç–æ—Ä–∏—è –≤—ã—á
                                                  –∏—Å–ª–∏—Ç–µ–ª—å–Ω–æ–π –º–...

You may provide a definition with
\DeclareUnicodeCharacter 


! LaTeX Error: Unicode character –∏ (U+0438)
               not set up for use with LaTeX.

See the LaTeX manual or LaTeX Companion for explanation.
Type  H <return>  for immediate help.
 ...                                              
                                                  
l.1 ...{–õ–µ–∫—Ü–∏—è ‚Ññ1: –ò—Å—Ç–æ—Ä–∏—è –≤—ã—á–∏
                                                  —Å–ª–∏—Ç–µ–ª—å–Ω–æ–π –º–∞—...

You may provide a definition with
\DeclareUnicodeCharacter 


! LaTeX Error: Unicode character —Å (U+0441)
               not set up for use with LaTeX.

See the LaTeX manual or LaTeX Companion for explanation.
Type  H <return>  for immediate help.
 ...                                              
                                                  
l.1 ...õ–µ–∫—Ü–∏—è ‚Ññ1: –ò—Å—Ç–æ—Ä–∏—è –≤—ã—á–∏—Å
                                                  –ª–∏—Ç–µ–ª—å–Ω–æ–π –º–∞—Ç–...

You may provide a definition with
\DeclareUnicodeCharacter 


! LaTeX Error: Unicode character –ª (U+043B)
               not set up for use with LaTeX.

See the LaTeX manual or LaTeX Companion for explanation.
Type  H <return>  for immediate help.
 ...                                              
                                                  
l.1 ...µ–∫—Ü–∏—è ‚Ññ1: –ò—Å—Ç–æ—Ä–∏—è –≤—ã—á–∏—Å–ª
                                                  –∏—Ç–µ–ª—å–Ω–æ–π –º–∞—Ç–µ–...

You may provide a definition with
\DeclareUnicodeCharacter 


! LaTeX Error: Unicode character –∏ (U+0438)
               not set up for use with LaTeX.

See the LaTeX manual or LaTeX Companion for explanation.
Type  H <return>  for immediate help.
 ...                                              
                                                  
l.1 ...∫—Ü–∏—è ‚Ññ1: –ò—Å—Ç–æ—Ä–∏—è –≤—ã—á–∏—Å–ª–∏
                                                  —Ç–µ–ª—å–Ω–æ–π –º–∞—Ç–µ–º–...

You may provide a definition with
\DeclareUnicodeCharacter 


! LaTeX Error: Unicode character —Ç (U+0442)
               not set up for use with LaTeX.

See the LaTeX manual or LaTeX Companion for explanation.
Type  H <return>  for immediate help.
 ...                                              
                                                  
l.1 ...Ü–∏—è ‚Ññ1: –ò—Å—Ç–æ—Ä–∏—è –≤—ã—á–∏—Å–ª–∏—Ç
                                                  –µ–ª—å–Ω–æ–π –º–∞—Ç–µ–º–∞—...

You may provide a definition with
\DeclareUnicodeCharacter 


! LaTeX Error: Unicode character –µ (U+0435)
               not set up for use with LaTeX.

See the LaTeX manual or LaTeX Companion for explanation.
Type  H <return>  for immediate help.
 ...                                              
                                                  
l.1 ...∏—è ‚Ññ1: –ò—Å—Ç–æ—Ä–∏—è –≤—ã—á–∏—Å–ª–∏—Ç–µ
                                                  –ª—å–Ω–æ–π –º–∞—Ç–µ–º–∞—Ç–...

You may provide a definition with
\DeclareUnicodeCharacter 


! LaTeX Error: Unicode character –ª (U+043B)
               not set up for use with LaTeX.

See the LaTeX manual or LaTeX Companion for explanation.
Type  H <return>  for immediate help.
 ...                                              
                                                  
l.1 ...è ‚Ññ1: –ò—Å—Ç–æ—Ä–∏—è –≤—ã—á–∏—Å–ª–∏—Ç–µ–ª
                                                  —å–Ω–æ–π –º–∞—Ç–µ–º–∞—Ç–∏–...

You may provide a definition with
\DeclareUnicodeCharacter 


! LaTeX Error: Unicode character —å (U+044C)
               not set up for use with LaTeX.

See the LaTeX manual or LaTeX Companion for explanation.
Type  H <return>  for immediate help.
 ...                                              
                                                  
l.1 ...‚Ññ1: –ò—Å—Ç–æ—Ä–∏—è –≤—ã—á–∏—Å–ª–∏—Ç–µ–ª—å
                                                  –Ω–æ–π –º–∞—Ç–µ–º–∞—Ç–∏–∫–∏}
You may provide a definition with
\DeclareUnicodeCharacter 


! LaTeX Error: Unicode character –Ω (U+043D)
               not set up for use with LaTeX.

See the LaTeX manual or LaTeX Companion for explanation.
Type  H <return>  for immediate help.
 ...                                              
                                                  
l.1 ...ñ1: –ò—Å—Ç–æ—Ä–∏—è –≤—ã—á–∏—Å–ª–∏—Ç–µ–ª—å–Ω
                                                  –æ–π –º–∞—Ç–µ–º–∞—Ç–∏–∫–∏}
You may provide a definition with
\DeclareUnicodeCharacter 


! LaTeX Error: Unicode character –æ (U+043E)
               not set up for use with LaTeX.

See the LaTeX manual or LaTeX Companion for explanation.
Type  H <return>  for immediate help.
 ...                                              
                                                  
l.1 ...: –ò—Å—Ç–æ—Ä–∏—è –≤—ã—á–∏—Å–ª–∏—Ç–µ–ª—å–Ω–æ
                                                  –π –º–∞—Ç–µ–º–∞—Ç–∏–∫–∏}
You may provide a definition with
\DeclareUnicodeCharacter 


! LaTeX Error: Unicode character –π (U+0439)
               not set up for use with LaTeX.

See the LaTeX manual or LaTeX Companion for explanation.
Type  H <return>  for immediate help.
 ...                                              
                                                  
l.1 ...–ò—Å—Ç–æ—Ä–∏—è –≤—ã—á–∏—Å–ª–∏—Ç–µ–ª—å–Ω–æ–π
                                                   –º–∞—Ç–µ–º–∞—Ç–∏–∫–∏}
You may provide a definition with
\DeclareUnicodeCharacter 


! LaTeX Error: Unicode character –º (U+043C)
               not set up for use with LaTeX.

See the LaTeX manual or LaTeX Companion for explanation.
Type  H <return>  for immediate help.
 ...                                              
                                                  
l.1 ...Å—Ç–æ—Ä–∏—è –≤—ã—á–∏—Å–ª–∏—Ç–µ–ª—å–Ω–æ–π –º
                                                  –∞—Ç–µ–º–∞—Ç–∏–∫–∏}
You may provide a definition with
\DeclareUnicodeCharacter 


! LaTeX Error: Unicode character –∞ (U+0430)
               not set up for use with LaTeX.

See the LaTeX manual or LaTeX Companion for explanation.
Type  H <return>  for immediate help.
 ...                                              
                                                  
l.1 ...Ç–æ—Ä–∏—è –≤—ã—á–∏—Å–ª–∏—Ç–µ–ª—å–Ω–æ–π –º–∞
                                                  —Ç–µ–º–∞—Ç–∏–∫–∏}
You may provide a definition with
\DeclareUnicodeCharacter 


! LaTeX Error: Unicode character —Ç (U+0442)
               not set up for use with LaTeX.

See the LaTeX manual or LaTeX Companion for explanation.
Type  H <return>  for immediate help.
 ...                                              
                                                  
l.1 ...æ—Ä–∏—è –≤—ã—á–∏—Å–ª–∏—Ç–µ–ª—å–Ω–æ–π –º–∞—Ç
                                                  –µ–º–∞—Ç–∏–∫–∏}
You may provide a definition with
\DeclareUnicodeCharacter 


! LaTeX Error: Unicode character –µ (U+0435)
               not set up for use with LaTeX.

See the LaTeX manual or LaTeX Companion for explanation.
Type  H <return>  for immediate help.
 ...                                              
                                                  
l.1 ...Ä–∏—è –≤—ã—á–∏—Å–ª–∏—Ç–µ–ª—å–Ω–æ–π –º–∞—Ç–µ
                                                  –º–∞—Ç–∏–∫–∏}
You may provide a definition with
\DeclareUnicodeCharacter 


! LaTeX Error: Unicode character –º (U+043C)
               not set up for use with LaTeX.

See the LaTeX manual or LaTeX Companion for explanation.
Type  H <return>  for immediate help.
 ...                                              
                                                  
l.1 ...∏—è –≤—ã—á–∏—Å–ª–∏—Ç–µ–ª—å–Ω–æ–π –º–∞—Ç–µ–º
                                                  –∞—Ç–∏–∫–∏}
You may provide a definition with
\DeclareUnicodeCharacter 


! LaTeX Error: Unicode character –∞ (U+0430)
               not set up for use with LaTeX.

See the LaTeX manual or LaTeX Companion for explanation.
Type  H <return>  for immediate help.
 ...                                              
                                                  
l.1 ...è –≤—ã—á–∏—Å–ª–∏—Ç–µ–ª—å–Ω–æ–π –º–∞—Ç–µ–º–∞
                                                  —Ç–∏–∫–∏}
You may provide a definition with
\DeclareUnicodeCharacter 


! LaTeX Error: Unicode character —Ç (U+0442)
               not set up for use with LaTeX.

See the LaTeX manual or LaTeX Companion for explanation.
Type  H <return>  for immediate help.
 ...                                              
                                                  
l.1 ...–≤—ã—á–∏—Å–ª–∏—Ç–µ–ª—å–Ω–æ–π –º–∞—Ç–µ–º–∞—Ç
                                                  –∏–∫–∏}
You may provide a definition with
\DeclareUnicodeCharacter 


! LaTeX Error: Unicode character –∏ (U+0438)
               not set up for use with LaTeX.

See the LaTeX manual or LaTeX Companion for explanation.
Type  H <return>  for immediate help.
 ...                                              
                                                  
l.1 ...—ã—á–∏—Å–ª–∏—Ç–µ–ª—å–Ω–æ–π –º–∞—Ç–µ–º–∞—Ç–∏
                                                  –∫–∏}
You may provide a definition with
\DeclareUnicodeCharacter 


! LaTeX Error: Unicode character –∫ (U+043A)
               not set up for use with LaTeX.

See the LaTeX manual or LaTeX Companion for explanation.
Type  H <return>  for immediate help.
 ...                                              
                                                  
l.1 ...—á–∏—Å–ª–∏—Ç–µ–ª—å–Ω–æ–π –º–∞—Ç–µ–º–∞—Ç–∏–∫
                                                  –∏}
You may provide a definition with
\DeclareUnicodeCharacter 


! LaTeX Error: Unicode character –∏ (U+0438)
               not set up for use with LaTeX.

See the LaTeX manual or LaTeX Companion for explanation.
Type  H <return>  for immediate help.
 ...                                              
                                                  
l.1 ...–∏—Å–ª–∏—Ç–µ–ª—å–Ω–æ–π –º–∞—Ç–µ–º–∞—Ç–∏–∫–∏
                                                  }
You may provide a definition with
\DeclareUnicodeCharacter 

)
! Emergency stop.
<*> lec1.tex
            
*** (job aborted, no legal \end found)

 
Here is how much of TeX's memory you used:
 40 strings out of 478287
 523 string characters out of 5849289
 289004 words of memory out of 5000000
 18336 multiletter control sequences out of 15000+600000
 469594 words of font info for 29 fonts, out of 8000000 for 9000
 1141 hyphenation exceptions out of 8191
 14i,0n,13p,135b,56s stack positions out of 5000i,500n,10000p,200000b,80000s
!  ==> Fatal error occurred, no output PDF file produced!
